0 verbose cli C:\Program Files\nodejs\node.exe C:\Program Files\nodejs\node_modules\npm\bin\npm-cli.js
1 info using npm@11.8.0
2 info using node@v24.13.1
3 silly config load:file:C:\Program Files\nodejs\node_modules\npm\npmrc
4 silly config load:file:E:\Projects\ShikkhaGriho\v0-ShikkhaGriho\.npmrc
5 silly config load:file:C:\Users\Habib\.npmrc
6 silly config load:file:C:\Users\Habib\AppData\Roaming\npm\etc\npmrc
7 verbose title npm install
8 verbose argv "install" "--cache" ".npm-cache"
9 verbose logfile logs-max:10 dir:E:\Projects\ShikkhaGriho\v0-ShikkhaGriho\.npm-cache\_logs\2026-02-26T09_32_14_877Z-
10 verbose logfile E:\Projects\ShikkhaGriho\v0-ShikkhaGriho\.npm-cache\_logs\2026-02-26T09_32_14_877Z-debug-0.log
11 silly logfile done cleaning log files
12 silly packumentCache heap:4496293888 maxSize:1124073472 maxEntrySize:562036736
13 silly idealTree buildDeps
14 silly fetch manifest react-i18next@^15.6.0
15 silly packumentCache full:https://registry.npmjs.org/react-i18next cache-miss
16 http fetch GET 200 https://registry.npmjs.org/npm 191ms
17 http fetch GET 200 https://registry.npmjs.org/react-i18next 112ms (cache miss)
18 silly packumentCache full:https://registry.npmjs.org/react-i18next set size:undefined disposed:false
19 silly fetch manifest i18next@^23.16.0
20 silly packumentCache full:https://registry.npmjs.org/i18next cache-miss
21 http fetch GET 200 https://registry.npmjs.org/i18next 48ms (cache miss)
22 silly packumentCache full:https://registry.npmjs.org/i18next set size:undefined disposed:false
23 silly fetch manifest react@19.2.4
24 silly packumentCache full:https://registry.npmjs.org/react cache-miss
25 http fetch GET 200 https://registry.npmjs.org/react 155ms (cache miss)
26 silly packumentCache full:https://registry.npmjs.org/react set size:undefined disposed:false
27 silly fetch manifest typescript@5.7.3
28 silly packumentCache full:https://registry.npmjs.org/typescript cache-miss
29 http fetch GET 200 https://registry.npmjs.org/typescript 245ms (cache miss)
30 silly packumentCache full:https://registry.npmjs.org/typescript set size:undefined disposed:false
31 silly placeDep ROOT i18next@23.16.8 OK for: my-project@0.1.0 want: ^23.16.0
32 silly placeDep ROOT react-i18next@15.7.4 OK for: my-project@0.1.0 want: ^15.6.0
33 silly fetch manifest html-parse-stringify@^3.0.1
34 silly packumentCache full:https://registry.npmjs.org/html-parse-stringify cache-miss
35 http fetch GET 200 https://registry.npmjs.org/html-parse-stringify 399ms (cache miss)
36 silly packumentCache full:https://registry.npmjs.org/html-parse-stringify set size:undefined disposed:false
37 silly placeDep ROOT html-parse-stringify@3.0.1 OK for: react-i18next@15.7.4 want: ^3.0.1
38 silly fetch manifest void-elements@3.1.0
39 silly packumentCache full:https://registry.npmjs.org/void-elements cache-miss
40 http fetch GET 200 https://registry.npmjs.org/void-elements 372ms (cache miss)
41 silly packumentCache full:https://registry.npmjs.org/void-elements set size:undefined disposed:false
42 silly placeDep ROOT void-elements@3.1.0 OK for: html-parse-stringify@3.0.1 want: 3.1.0
43 silly reify moves {}
44 silly audit bulk request {
44 silly audit   '@alloc/quick-lru': [ '5.2.0' ],
44 silly audit   '@babel/runtime': [ '7.28.6' ],
44 silly audit   '@date-fns/tz': [ '1.4.1' ],
44 silly audit   '@emnapi/runtime': [ '1.8.1' ],
44 silly audit   '@floating-ui/core': [ '1.7.4' ],
44 silly audit   '@floating-ui/dom': [ '1.7.5' ],
44 silly audit   '@floating-ui/react-dom': [ '2.1.7' ],
44 silly audit   '@floating-ui/utils': [ '0.2.10' ],
44 silly audit   '@hookform/resolvers': [ '3.10.0' ],
44 silly audit   '@img/colour': [ '1.0.0' ],
44 silly audit   '@img/sharp-darwin-arm64': [ '0.34.5' ],
44 silly audit   '@img/sharp-darwin-x64': [ '0.34.5' ],
44 silly audit   '@img/sharp-libvips-darwin-arm64': [ '1.2.4' ],
44 silly audit   '@img/sharp-libvips-darwin-x64': [ '1.2.4' ],
44 silly audit   '@img/sharp-libvips-linux-arm': [ '1.2.4' ],
44 silly audit   '@img/sharp-libvips-linux-arm64': [ '1.2.4' ],
44 silly audit   '@img/sharp-libvips-linux-ppc64': [ '1.2.4' ],
44 silly audit   '@img/sharp-libvips-linux-riscv64': [ '1.2.4' ],
44 silly audit   '@img/sharp-libvips-linux-s390x': [ '1.2.4' ],
44 silly audit   '@img/sharp-libvips-linux-x64': [ '1.2.4' ],
44 silly audit   '@img/sharp-libvips-linuxmusl-arm64': [ '1.2.4' ],
44 silly audit   '@img/sharp-libvips-linuxmusl-x64': [ '1.2.4' ],
44 silly audit   '@img/sharp-linux-arm': [ '0.34.5' ],
44 silly audit   '@img/sharp-linux-arm64': [ '0.34.5' ],
44 silly audit   '@img/sharp-linux-ppc64': [ '0.34.5' ],
44 silly audit   '@img/sharp-linux-riscv64': [ '0.34.5' ],
44 silly audit   '@img/sharp-linux-s390x': [ '0.34.5' ],
44 silly audit   '@img/sharp-linux-x64': [ '0.34.5' ],
44 silly audit   '@img/sharp-linuxmusl-arm64': [ '0.34.5' ],
44 silly audit   '@img/sharp-linuxmusl-x64': [ '0.34.5' ],
44 silly audit   '@img/sharp-wasm32': [ '0.34.5' ],
44 silly audit   '@img/sharp-win32-arm64': [ '0.34.5' ],
44 silly audit   '@img/sharp-win32-ia32': [ '0.34.5' ],
44 silly audit   '@img/sharp-win32-x64': [ '0.34.5' ],
44 silly audit   '@jridgewell/gen-mapping': [ '0.3.13' ],
44 silly audit   '@jridgewell/remapping': [ '2.3.5' ],
44 silly audit   '@jridgewell/resolve-uri': [ '3.1.2' ],
44 silly audit   '@jridgewell/sourcemap-codec': [ '1.5.5' ],
44 silly audit   '@jridgewell/trace-mapping': [ '0.3.31' ],
44 silly audit   '@next/env': [ '16.1.6' ],
44 silly audit   '@next/swc-darwin-arm64': [ '16.1.6' ],
44 silly audit   '@next/swc-darwin-x64': [ '16.1.6' ],
44 silly audit   '@next/swc-linux-arm64-gnu': [ '16.1.6' ],
44 silly audit   '@next/swc-linux-arm64-musl': [ '16.1.6' ],
44 silly audit   '@next/swc-linux-x64-gnu': [ '16.1.6' ],
44 silly audit   '@next/swc-linux-x64-musl': [ '16.1.6' ],
44 silly audit   '@next/swc-win32-arm64-msvc': [ '16.1.6' ],
44 silly audit   '@next/swc-win32-x64-msvc': [ '16.1.6' ],
44 silly audit   '@radix-ui/number': [ '1.1.1' ],
44 silly audit   '@radix-ui/primitive': [ '1.1.3' ],
44 silly audit   '@radix-ui/react-accordion': [ '1.2.12' ],
44 silly audit   '@radix-ui/react-alert-dialog': [ '1.1.15' ],
44 silly audit   '@radix-ui/react-slot': [ '1.2.3', '1.2.4' ],
44 silly audit   '@radix-ui/react-arrow': [ '1.1.7' ],
44 silly audit   '@radix-ui/react-aspect-ratio': [ '1.1.8' ],
44 silly audit   '@radix-ui/react-primitive': [ '2.1.4', '2.1.3' ],
44 silly audit   '@radix-ui/react-avatar': [ '1.1.11' ],
44 silly audit   '@radix-ui/react-context': [ '1.1.3', '1.1.2' ],
44 silly audit   '@radix-ui/react-checkbox': [ '1.3.3' ],
44 silly audit   '@radix-ui/react-collapsible': [ '1.1.12' ],
44 silly audit   '@radix-ui/react-collection': [ '1.1.7' ],
44 silly audit   '@radix-ui/react-compose-refs': [ '1.1.2' ],
44 silly audit   '@radix-ui/react-context-menu': [ '2.2.16' ],
44 silly audit   '@radix-ui/react-dialog': [ '1.1.15' ],
44 silly audit   '@radix-ui/react-direction': [ '1.1.1' ],
44 silly audit   '@radix-ui/react-dismissable-layer': [ '1.1.11' ],
44 silly audit   '@radix-ui/react-dropdown-menu': [ '2.1.16' ],
44 silly audit   '@radix-ui/react-focus-guards': [ '1.1.3' ],
44 silly audit   '@radix-ui/react-focus-scope': [ '1.1.7' ],
44 silly audit   '@radix-ui/react-hover-card': [ '1.1.15' ],
44 silly audit   '@radix-ui/react-id': [ '1.1.1' ],
44 silly audit   '@radix-ui/react-label': [ '2.1.8' ],
44 silly audit   '@radix-ui/react-menu': [ '2.1.16' ],
44 silly audit   '@radix-ui/react-menubar': [ '1.1.16' ],
44 silly audit   '@radix-ui/react-navigation-menu': [ '1.2.14' ],
44 silly audit   '@radix-ui/react-popover': [ '1.1.15' ],
44 silly audit   '@radix-ui/react-popper': [ '1.2.8' ],
44 silly audit   '@radix-ui/react-portal': [ '1.1.9' ],
44 silly audit   '@radix-ui/react-presence': [ '1.1.5' ],
44 silly audit   '@radix-ui/react-progress': [ '1.1.8' ],
44 silly audit   '@radix-ui/react-radio-group': [ '1.3.8' ],
44 silly audit   '@radix-ui/react-roving-focus': [ '1.1.11' ],
44 silly audit   '@radix-ui/react-scroll-area': [ '1.2.10' ],
44 silly audit   '@radix-ui/react-select': [ '2.2.6' ],
44 silly audit   '@radix-ui/react-separator': [ '1.1.8' ],
44 silly audit   '@radix-ui/react-slider': [ '1.3.6' ],
44 silly audit   '@radix-ui/react-switch': [ '1.2.6' ],
44 silly audit   '@radix-ui/react-tabs': [ '1.1.13' ],
44 silly audit   '@radix-ui/react-toast': [ '1.2.15' ],
44 silly audit   '@radix-ui/react-toggle': [ '1.1.10' ],
44 silly audit   '@radix-ui/react-toggle-group': [ '1.1.11' ],
44 silly audit   '@radix-ui/react-tooltip': [ '1.2.8' ],
44 silly audit   '@radix-ui/react-use-callback-ref': [ '1.1.1' ],
44 silly audit   '@radix-ui/react-use-controllable-state': [ '1.2.2' ],
44 silly audit   '@radix-ui/react-use-effect-event': [ '0.0.2' ],
44 silly audit   '@radix-ui/react-use-escape-keydown': [ '1.1.1' ],
44 silly audit   '@radix-ui/react-use-is-hydrated': [ '0.1.0' ],
44 silly audit   '@radix-ui/react-use-layout-effect': [ '1.1.1' ],
44 silly audit   '@radix-ui/react-use-previous': [ '1.1.1' ],
44 silly audit   '@radix-ui/react-use-rect': [ '1.1.1' ],
44 silly audit   '@radix-ui/react-use-size': [ '1.1.1' ],
44 silly audit   '@radix-ui/react-visually-hidden': [ '1.2.3' ],
44 silly audit   '@radix-ui/rect': [ '1.1.1' ],
44 silly audit   '@supabase/auth-js': [ '2.97.0' ],
44 silly audit   '@supabase/functions-js': [ '2.97.0' ],
44 silly audit   '@supabase/postgrest-js': [ '2.97.0' ],
44 silly audit   '@supabase/realtime-js': [ '2.97.0' ],
44 silly audit   '@supabase/ssr': [ '0.6.1' ],
44 silly audit   '@supabase/storage-js': [ '2.97.0' ],
44 silly audit   '@supabase/supabase-js': [ '2.97.0' ],
44 silly audit   '@swc/helpers': [ '0.5.15' ],
44 silly audit   '@tailwindcss/node': [ '4.2.1' ],
44 silly audit   '@tailwindcss/oxide': [ '4.2.1' ],
44 silly audit   '@tailwindcss/oxide-android-arm64': [ '4.2.1' ],
44 silly audit   '@tailwindcss/oxide-darwin-arm64': [ '4.2.1' ],
44 silly audit   '@tailwindcss/oxide-darwin-x64': [ '4.2.1' ],
44 silly audit   '@tailwindcss/oxide-freebsd-x64': [ '4.2.1' ],
44 silly audit   '@tailwindcss/oxide-linux-arm-gnueabihf': [ '4.2.1' ],
44 silly audit   '@tailwindcss/oxide-linux-arm64-gnu': [ '4.2.1' ],
44 silly audit   '@tailwindcss/oxide-linux-arm64-musl': [ '4.2.1' ],
44 silly audit   '@tailwindcss/oxide-linux-x64-gnu': [ '4.2.1' ],
44 silly audit   '@tailwindcss/oxide-linux-x64-musl': [ '4.2.1' ],
44 silly audit   '@tailwindcss/oxide-wasm32-wasi': [ '4.2.1' ],
44 silly audit   '@tailwindcss/oxide-win32-arm64-msvc': [ '4.2.1' ],
44 silly audit   '@tailwindcss/oxide-win32-x64-msvc': [ '4.2.1' ],
44 silly audit   '@tailwindcss/postcss': [ '4.2.1' ],
44 silly audit   '@types/d3-array': [ '3.2.2' ],
44 silly audit   '@types/d3-color': [ '3.1.3' ],
44 silly audit   '@types/d3-ease': [ '3.0.2' ],
44 silly audit   '@types/d3-interpolate': [ '3.0.4' ],
44 silly audit   '@types/d3-path': [ '3.1.1' ],
44 silly audit   '@types/d3-scale': [ '4.0.9' ],
44 silly audit   '@types/d3-shape': [ '3.1.8' ],
44 silly audit   '@types/d3-time': [ '3.0.4' ],
44 silly audit   '@types/d3-timer': [ '3.0.2' ],
44 silly audit   '@types/node': [ '22.19.11' ],
44 silly audit   '@types/phoenix': [ '1.6.7' ],
44 silly audit   '@types/react': [ '19.2.14' ],
44 silly audit   '@types/react-dom': [ '19.2.3' ],
44 silly audit   '@types/ws': [ '8.18.1' ],
44 silly audit   '@vercel/analytics': [ '1.6.1' ],
44 silly audit   'aria-hidden': [ '1.2.6' ],
44 silly audit   autoprefixer: [ '10.4.27' ],
44 silly audit   'baseline-browser-mapping': [ '2.10.0' ],
44 silly audit   browserslist: [ '4.28.1' ],
44 silly audit   'caniuse-lite': [ '1.0.30001774' ],
44 silly audit   'class-variance-authority': [ '0.7.1' ],
44 silly audit   'client-only': [ '0.0.1' ],
44 silly audit   clsx: [ '2.1.1' ],
44 silly audit   cmdk: [ '1.1.1' ],
44 silly audit   cookie: [ '1.1.1' ],
44 silly audit   csstype: [ '3.2.3' ],
44 silly audit   'd3-array': [ '3.2.4' ],
44 silly audit   'd3-color': [ '3.1.0' ],
44 silly audit   'd3-ease': [ '3.0.1' ],
44 silly audit   'd3-format': [ '3.1.2' ],
44 silly audit   'd3-interpolate': [ '3.0.1' ],
44 silly audit   'd3-path': [ '3.1.0' ],
44 silly audit   'd3-scale': [ '4.0.2' ],
44 silly audit   'd3-shape': [ '3.2.0' ],
44 silly audit   'd3-time': [ '3.1.0' ],
44 silly audit   'd3-time-format': [ '4.1.0' ],
44 silly audit   'd3-timer': [ '3.0.1' ],
44 silly audit   'date-fns': [ '4.1.0' ],
44 silly audit   'date-fns-jalali': [ '4.1.0-0' ],
44 silly audit   'decimal.js-light': [ '2.5.1' ],
44 silly audit   'detect-libc': [ '2.1.2' ],
44 silly audit   'detect-node-es': [ '1.1.0' ],
44 silly audit   'dom-helpers': [ '5.2.1' ],
44 silly audit   'electron-to-chromium': [ '1.5.302' ],
44 silly audit   'embla-carousel': [ '8.6.0' ],
44 silly audit   'embla-carousel-react': [ '8.6.0' ],
44 silly audit   'embla-carousel-reactive-utils': [ '8.6.0' ],
44 silly audit   'enhanced-resolve': [ '5.19.0' ],
44 silly audit   escalade: [ '3.2.0' ],
44 silly audit   eventemitter3: [ '4.0.7' ],
44 silly audit   'fast-equals': [ '5.4.0' ],
44 silly audit   'fraction.js': [ '5.3.4' ],
44 silly audit   'get-nonce': [ '1.0.1' ],
44 silly audit   'graceful-fs': [ '4.2.11' ],
44 silly audit   'iceberg-js': [ '0.8.1' ],
44 silly audit   'input-otp': [ '1.4.2' ],
44 silly audit   internmap: [ '2.0.3' ],
44 silly audit   jiti: [ '2.6.1' ],
44 silly audit   'js-tokens': [ '4.0.0' ],
44 silly audit   lightningcss: [ '1.31.1' ],
44 silly audit   'lightningcss-android-arm64': [ '1.31.1' ],
44 silly audit   'lightningcss-darwin-arm64': [ '1.31.1' ],
44 silly audit   'lightningcss-darwin-x64': [ '1.31.1' ],
44 silly audit   'lightningcss-freebsd-x64': [ '1.31.1' ],
44 silly audit   'lightningcss-linux-arm-gnueabihf': [ '1.31.1' ],
44 silly audit   'lightningcss-linux-arm64-gnu': [ '1.31.1' ],
44 silly audit   'lightningcss-linux-arm64-musl': [ '1.31.1' ],
44 silly audit   'lightningcss-linux-x64-gnu': [ '1.31.1' ],
44 silly audit   'lightningcss-linux-x64-musl': [ '1.31.1' ],
44 silly audit   'lightningcss-win32-arm64-msvc': [ '1.31.1' ],
44 silly audit   'lightningcss-win32-x64-msvc': [ '1.31.1' ],
44 silly audit   lodash: [ '4.17.23' ],
44 silly audit   'loose-envify': [ '1.4.0' ],
44 silly audit   'lucide-react': [ '0.564.0' ],
44 silly audit   'magic-string': [ '0.30.21' ],
44 silly audit   nanoid: [ '3.3.11' ],
44 silly audit   next: [ '16.1.6' ],
44 silly audit   'next-themes': [ '0.4.6' ],
44 silly audit   postcss: [ '8.4.31', '8.5.6' ],
44 silly audit   'node-releases': [ '2.0.27' ],
44 silly audit   'object-assign': [ '4.1.1' ],
44 silly audit   picocolors: [ '1.1.1' ],
44 silly audit   'postcss-value-parser': [ '4.2.0' ],
44 silly audit   'prop-types': [ '15.8.1' ],
44 silly audit   'react-is': [ '16.13.1', '18.3.1' ],
44 silly audit   react: [ '19.2.4' ],
44 silly audit   'react-day-picker': [ '9.13.2' ],
44 silly audit   'react-dom': [ '19.2.4' ],
44 silly audit   'react-hook-form': [ '7.71.2' ],
44 silly audit   'react-remove-scroll': [ '2.7.2' ],
44 silly audit   'react-remove-scroll-bar': [ '2.3.8' ],
44 silly audit   'react-resizable-panels': [ '2.1.9' ],
44 silly audit   'react-smooth': [ '4.0.4' ],
44 silly audit   'react-style-singleton': [ '2.2.3' ],
44 silly audit   'react-transition-group': [ '4.4.5' ],
44 silly audit   recharts: [ '2.15.0' ],
44 silly audit   'recharts-scale': [ '0.4.5' ],
44 silly audit   scheduler: [ '0.27.0' ],
44 silly audit   semver: [ '7.7.4' ],
44 silly audit   sharp: [ '0.34.5' ],
44 silly audit   sonner: [ '1.7.4' ],
44 silly audit   'source-map-js': [ '1.2.1' ],
44 silly audit   'styled-jsx': [ '5.1.6' ],
44 silly audit   'tailwind-merge': [ '3.5.0' ],
44 silly audit   tailwindcss: [ '4.2.1' ],
44 silly audit   tapable: [ '2.3.0' ],
44 silly audit   'tiny-invariant': [ '1.3.3' ],
44 silly audit   tslib: [ '2.8.1' ],
44 silly audit   'tw-animate-css': [ '1.3.3' ],
44 silly audit   typescript: [ '5.7.3' ],
44 silly audit   'undici-types': [ '6.21.0' ],
44 silly audit   'update-browserslist-db': [ '1.2.3' ],
44 silly audit   'use-callback-ref': [ '1.3.3' ],
44 silly audit   'use-sidecar': [ '1.1.3' ],
44 silly audit   'use-sync-external-store': [ '1.6.0' ],
44 silly audit   vaul: [ '1.1.2' ],
44 silly audit   'victory-vendor': [ '36.9.2' ],
44 silly audit   ws: [ '8.19.0' ],
44 silly audit   zod: [ '3.25.76' ],
44 silly audit   i18next: [ '23.16.8' ],
44 silly audit   'react-i18next': [ '15.7.4' ],
44 silly audit   'html-parse-stringify': [ '3.0.1' ],
44 silly audit   'void-elements': [ '3.1.0' ]
44 silly audit }
45 http cache void-elements@https://registry.npmjs.org/void-elements/-/void-elements-3.1.0.tgz 0ms (cache hit)
46 http cache html-parse-stringify@https://registry.npmjs.org/html-parse-stringify/-/html-parse-stringify-3.0.1.tgz 0ms (cache hit)
47 silly tarball no local data for void-elements@https://registry.npmjs.org/void-elements/-/void-elements-3.1.0.tgz. Extracting by manifest.
48 http cache i18next@https://registry.npmjs.org/i18next/-/i18next-23.16.8.tgz 0ms (cache hit)
49 http cache react-i18next@https://registry.npmjs.org/react-i18next/-/react-i18next-15.7.4.tgz 0ms (cache hit)
50 silly tarball no local data for html-parse-stringify@https://registry.npmjs.org/html-parse-stringify/-/html-parse-stringify-3.0.1.tgz. Extracting by manifest.
51 silly tarball no local data for i18next@https://registry.npmjs.org/i18next/-/i18next-23.16.8.tgz. Extracting by manifest.
52 silly tarball no local data for react-i18next@https://registry.npmjs.org/react-i18next/-/react-i18next-15.7.4.tgz. Extracting by manifest.
53 http fetch GET 200 https://registry.npmjs.org/void-elements/-/void-elements-3.1.0.tgz 39ms (cache miss)
54 http fetch GET 200 https://registry.npmjs.org/html-parse-stringify/-/html-parse-stringify-3.0.1.tgz 114ms (cache miss)
55 http fetch GET 200 https://registry.npmjs.org/i18next/-/i18next-23.16.8.tgz 184ms (cache miss)
56 http fetch GET 200 https://registry.npmjs.org/react-i18next/-/react-i18next-15.7.4.tgz 240ms (cache miss)
57 http fetch POST 200 https://registry.npmjs.org/-/npm/v1/security/advisories/bulk 337ms
58 silly audit report {}
59 silly ADD node_modules/void-elements
60 silly ADD node_modules/html-parse-stringify
61 silly ADD node_modules/react-i18next
62 silly ADD node_modules/i18next
63 verbose cwd E:\Projects\ShikkhaGriho\v0-ShikkhaGriho
64 verbose os Windows_NT 10.0.19045
65 verbose node v24.13.1
66 verbose npm  v11.8.0
67 notice
67 notice New minor version of npm available! 11.8.0 -> 11.11.0
67 notice Changelog: https://github.com/npm/cli/releases/tag/v11.11.0
67 notice To update run: npm install -g npm@11.11.0
67 notice  { force: true, Symbol(proc-log.meta): true }
68 verbose exit 0
69 info ok
