0 verbose cli C:\Program Files\nodejs\node.exe C:\Program Files\nodejs\node_modules\npm\bin\npm-cli.js
1 info using npm@11.8.0
2 info using node@v24.13.1
3 silly config load:file:C:\Program Files\nodejs\node_modules\npm\npmrc
4 silly config load:file:E:\Projects\ShikkhaGriho\v0-ShikkhaGriho\.npmrc
5 silly config load:file:C:\Users\Habib\.npmrc
6 silly config load:file:C:\Users\Habib\AppData\Roaming\npm\etc\npmrc
7 verbose title npm exec lingo.dev@latest run
8 verbose argv "exec" "--cache" ".npm-cache" "--" "lingo.dev@latest" "run"
9 verbose logfile logs-max:10 dir:E:\Projects\ShikkhaGriho\v0-ShikkhaGriho\.npm-cache\_logs\2026-02-26T11_06_13_248Z-
10 verbose logfile E:\Projects\ShikkhaGriho\v0-ShikkhaGriho\.npm-cache\_logs\2026-02-26T11_06_13_248Z-debug-0.log
11 silly logfile done cleaning log files
12 silly packumentCache heap:4496293888 maxSize:1124073472 maxEntrySize:562036736
13 http fetch GET 200 https://registry.npmjs.org/lingo.dev 1137ms (cache revalidated)
14 verbose cwd E:\Projects\ShikkhaGriho\v0-ShikkhaGriho
15 verbose os Windows_NT 10.0.19045
16 verbose node v24.13.1
17 verbose npm  v11.8.0
18 verbose exit 0
19 info ok
